10/19/2023	22:10:89	961264fc-91f0-42a7-bdc7-2d2cfc497a2a	GET	/	undefined
10/19/2023	22:10:91	481d67d0-d262-4c84-b94a-aa04ae5c2b65	GET	/css/style.css	undefined
10/19/2023	22:10:92	40289897-1008-4fa3-908f-c214cd8580a9	GET	/favicon.ico	undefined
10/19/2023	23:10:32	75b04176-7355-4042-a091-a207356225ab	OPTIONS	/	https://www.google.com
10/19/2023	23:10:52	ca1ba80f-3e5b-417e-94ab-80e213177830	GET	/	https://www.google.com
10/19/2023	23:10:66	fd941372-12bb-467c-95da-dc8565279eb8	OPTIONS	/	https://www.google.com
10/19/2023	23:10:67	3c9e8ee2-43e8-41ab-a5da-f938496849f0	GET	/	https://www.google.com
10/19/2023	23:10:96	0883d3eb-bbc8-40cb-a67b-a83ad6c9fde0	OPTIONS	/	https://www.google.com
10/19/2023	23:10:98	ce984e85-4ae7-4f6d-8303-7edcadc1d91b	GET	/	https://www.google.com
10/19/2023	23:10:04	013280c1-32e5-4eab-b0c8-caef7d7275cc	GET	/	https://www.google.com
10/19/2023	23:10:62	38331e1a-61ac-4e56-8fc7-82cda5d5c784	OPTIONS	/	https://www.google.com
10/19/2023	23:10:64	4c90f8d0-a3a0-44fc-a7aa-311b95ea8994	GET	/	https://www.google.com
10/19/2023	23:10:12	a82c4d21-e4ae-4830-8f7c-d7499e5fc667	OPTIONS	/	https://www.google.com
10/19/2023	23:10:14	66abc213-44e4-4b22-99b7-fe9360ca819f	GET	/	https://www.google.com
10/19/2023	23:10:72	187dc527-3e69-4f3d-9993-b81ad6cf45a1	OPTIONS	/	https://www.google.com
10/19/2023	23:10:74	30700df7-03e7-4ade-ad76-6239e776139d	GET	/	https://www.google.com
10/19/2023	23:10:16	276b48ca-b14e-4c60-8ed4-0f6a5ca5253c	OPTIONS	/	https://www.google.com
10/19/2023	23:10:17	81dc34b5-d651-448a-95a3-cc3141b3f652	GET	/	https://www.google.com
10/19/2023	23:10:73	9b7f7958-a152-4363-9049-4c75e319f8c5	GET	/	https://www.google.com
10/19/2023	23:10:76	48440320-9466-4d39-9ff9-7cd83651b66c	OPTIONS	/	https://www.google.com
10/19/2023	23:10:78	d8405724-d8bb-491d-a654-7e7b3694377f	GET	/	https://www.google.com
10/19/2023	23:10:35	3e0f6a1d-033e-43e5-af62-3d5a324b47f2	OPTIONS	/	https://www.google.com
10/19/2023	23:10:36	c4ae3268-20c6-4be9-9474-1881944e292e	GET	/	https://www.google.com
10/19/2023	23:10:30	16dcc0a1-6572-45f1-9f62-7741e96c586b	GET	/	https://www.google.com
10/22/2023	15:10:17	cb616a32-ec32-4480-8384-89408b333ba5	GET	/users	undefined
10/22/2023	15:10:35	9ebccb65-e4bd-4e1e-a620-d0899b485305	GET	/users	undefined
10/22/2023	15:10:03	1c947ed7-6621-4cf0-adb8-88096834de53	GET	/users	undefined
10/22/2023	15:10:72	99a76488-0617-4445-bf24-286cde66afb4	GET	/users	undefined
10/22/2023	15:10:93	8418ec06-9246-46a5-85f7-3be82094910b	GET	/users	undefined
10/22/2023	15:10:01	955b8127-f6d4-4735-ae45-8a118208dd7c	GET	/users	undefined
10/22/2023	15:10:87	74c783e8-d0c9-493a-929c-6bea3e21e290	POST	/users	undefined
10/22/2023	15:10:87	a9f58c4a-bd87-4438-96bc-2e67f0892106	POST	/users	undefined
10/24/2023	01:10:90	ba51f8b8-8328-4e79-814e-edd770bfaa58	GET	/users	undefined
10/24/2023	01:10:48	e797bbfd-e9a9-48d3-b4cf-ef215e23b413	GET	/user	undefined
10/24/2023	01:10:27	677274a2-9870-4224-b54b-360728819dcc	GET	/users	undefined
10/24/2023	01:10:58	f0f36b6f-3c2c-4ca0-abc5-f40b9a8f803b	GET	/users	undefined
10/24/2023	01:10:11	e842d46b-fbea-415a-8e66-b996c1c9d2b2	GET	/users	undefined
10/24/2023	01:10:39	164ced72-16b7-4b56-8950-bed5d862122e	GET	/users	undefined
10/24/2023	01:10:94	cfba2dc2-f151-4432-97de-c0decf6d00c2	POST	/users	undefined
10/24/2023	01:10:81	aef55ba8-961d-4260-b744-2c46134eda18	GET	/users	undefined
10/24/2023	01:10:92	3a0666dc-62b8-4b80-84ee-147925acb8ae	GET	/users	undefined
10/24/2023	01:10:79	826c9aec-6109-4e89-87d2-70c5866b5320	GET	/users	undefined
10/24/2023	01:10:97	3106cfad-ec3b-48ea-84fa-107ce764920a	GET	/users	undefined
10/24/2023	01:10:26	597126c2-14dd-4178-b931-f257d3b8fb30	GET	/users	undefined
10/24/2023	01:10:17	71dc0547-a3c8-457e-b438-760be4ec1799	POST	/users	undefined
10/24/2023	01:10:17	9906ac2b-7b83-4811-ad64-adb0a6056da0	POST	/users	undefined
10/24/2023	01:10:24	674da060-efb0-4e60-b9c3-6f783dc01c8a	POST	/users	undefined
10/24/2023	01:10:13	0c350996-57d9-4bff-9bfe-5709d8676d29	POST	/users	undefined
10/24/2023	01:10:76	f8ef156a-424c-4e53-8631-47fe0addd1d7	POST	/users	undefined
10/24/2023	01:10:38	19384e65-9b7c-4952-928a-b35bddb1d2fc	PATCH	/users	undefined
10/24/2023	01:10:97	b5bdf662-2aba-49ce-82b2-b33dff8cca8f	GET	/users	undefined
10/24/2023	01:10:31	ea2ae99b-5821-4573-ab06-3b49cbd10dd7	PATCH	/users	undefined
10/24/2023	01:10:03	43051d92-60f6-4dd0-8367-1a8f6c085e4f	PATCH	/users	undefined
10/24/2023	01:10:71	d468b980-326f-45c9-a7f3-712e37e902c3	PATCH	/users	undefined
10/24/2023	01:10:08	60802065-1ab7-4a94-88da-bf66bc520a0c	GET	/users	undefined
10/24/2023	01:10:66	46d4931f-107d-4755-8e06-21af2467c57d	PATCH	/users	undefined
10/24/2023	01:10:03	29d56168-470c-461c-88dc-a1cb267b9078	DELETE	/users	undefined
10/24/2023	01:10:14	63d6e138-a2ba-4642-ac57-455befb52363	DELETE	/users	undefined
10/24/2023	01:10:13	091f34b9-e51d-44ca-a558-5b4c45a8b27a	GET	/users	undefined
10/24/2023	01:10:84	bc19ad23-ab47-49de-af95-5656cc69a7a3	GET	/users/6536f2b1c7834afd237ce549	undefined
10/24/2023	01:10:15	c1aa57d1-45c3-42d6-a3cb-e12344d38f0d	GET	/users	undefined
10/24/2023	01:10:66	dea8eb61-cb1a-40f1-af70-e53a736b02a2	GET	/users/6536f4341f4d357d63924521	undefined
10/24/2023	01:10:15	4346f83f-26b1-4b04-9dbd-0decbc8025ff	GET	/users/6536f4341f4d357d63924521	undefined
10/24/2023	15:10:52	dd202181-9250-4470-a68f-2f3f6a74abb0	GET	/notes	undefined
10/24/2023	15:10:97	f60ad0f6-f927-482e-bb10-ce7191131ad2	GET	/notes	undefined
10/24/2023	15:10:87	8c928dc9-5ed1-4769-b5d5-40872c3641e6	GET	/users	undefined
10/24/2023	15:10:89	c5161fe1-c403-4972-98b8-3b871ecdb5b3	POST	/users	undefined
10/24/2023	15:10:71	8e7d5a68-366b-41d9-90a6-016757817ebc	POST	/users	undefined
10/24/2023	15:10:96	3952d305-0849-4fa3-8f7d-9885693a68cb	GET	/notes	undefined
10/24/2023	15:10:85	0e389143-c4cf-401d-9758-ef8808859cf2	GET	/users	undefined
10/24/2023	15:10:37	f5387c37-d059-44c7-b6b0-f8c0f09987be	POST	/notes	undefined
10/24/2023	15:10:78	7ac99aeb-a831-470f-a7f7-fd35328218a3	POST	/notes	undefined
10/24/2023	15:10:62	0610e6c9-5aef-46ce-95b7-af455e47d7ff	POST	/notes	undefined
10/24/2023	15:10:77	27cdccc0-55bb-4db8-b2a8-95bbc7309ad6	POST	/notes	undefined
10/24/2023	15:10:57	0039fd67-53ba-4437-a4a2-049c272c8b5d	POST	/notes	undefined
10/24/2023	15:10:33	f2d7b666-cbf6-445e-a277-9bef73820bb6	POST	/notes	undefined
10/24/2023	15:10:80	95b3f299-a870-4599-bd70-441d6ebc9b19	POST	/users	undefined
10/24/2023	15:10:94	d89748be-8228-47b8-90e0-ecb1d94d357c	POST	/notes	undefined
10/24/2023	15:10:47	c0b29813-01c0-44b3-af8c-021cbc59a837	POST	/notes	undefined
10/24/2023	15:10:51	7974caa3-9009-4abd-8914-54a10bdc4762	POST	/notes	undefined
10/24/2023	15:10:66	e2db28ef-561a-432a-b169-55585322421f	POST	/notes	undefined
10/24/2023	15:10:00	5411ce3c-404b-48ba-88fb-ea3220f10a93	POST	/notes	undefined
10/24/2023	15:10:58	181199b5-1779-4dfc-abd8-ffe43b4beafd	POST	/notes	undefined
10/24/2023	15:10:61	c3688ba3-9017-4682-9a14-a11ff00a2b1b	POST	/notes	undefined
10/24/2023	15:10:34	73085159-22f9-4c9f-88f7-c0fe8049bb71	POST	/notes	undefined
10/24/2023	15:10:91	077122ce-0b2e-42b2-8e53-c5fb048a8372	POST	/notes	undefined
10/24/2023	15:10:82	5b1b2161-ae7c-432a-882d-b070a9a75670	POST	/notes	undefined
10/24/2023	15:10:15	408dec08-f8d0-40f4-8df8-d5976ea9983d	POST	/notes	undefined
10/24/2023	15:10:69	9cbf5ec2-a3e4-498d-bdc8-b7151f56b74d	POST	/notes	undefined
10/24/2023	15:10:19	8fdff8da-0d31-495e-8a38-b23390176c4f	POST	/notes	undefined
10/24/2023	15:10:78	9159ec83-cc2a-4f1a-a9da-842d11a6ab07	POST	/notes	undefined
10/24/2023	15:10:43	15cb629f-2250-4b2c-9a7a-f6995b152512	POST	/notes	undefined
10/24/2023	15:10:23	659bb17a-66d2-4163-bcb7-cc8143015c09	POST	/notes	undefined
10/24/2023	16:10:83	18dded7e-029a-48c4-a527-1a167a252f83	POST	/notes	undefined
10/24/2023	16:10:80	58d77f08-31f3-42fa-ae7a-32d3cfd8f325	POST	/notes	undefined
10/24/2023	16:10:16	ace4cb0b-d28f-43f5-9995-769ee6d035d4	POST	/notes	undefined
10/24/2023	16:10:09	7cb5fe9a-2cf9-41c0-a4a8-dd7c6c815996	POST	/notes	undefined
10/24/2023	16:10:33	19b50d21-2740-4b7f-8a7b-849f32be6d4a	POST	/notes	undefined
10/24/2023	16:10:46	d78ab584-cf7b-4215-98bc-a2f2ef6a6868	POST	/notes	undefined
10/24/2023	16:10:57	8bd4f1ef-9730-4a0f-9354-b9763b0e8e21	POST	/notes	undefined
10/24/2023	16:10:15	fce05caa-75da-4a06-b93c-1f9478172be9	GET	/users	undefined
10/24/2023	16:10:47	f8b4a1a8-d60a-44d2-9afa-50b0148a95b2	POST	/notes	undefined
10/24/2023	16:10:58	cd1fc3bb-55cb-485f-8355-00aa2ea898af	POST	/notes	undefined
10/24/2023	16:10:69	7d41a5d7-366b-4bca-84a3-68b88a731366	POST	/notes	undefined
10/24/2023	16:10:91	ab783243-32cc-40af-8fc5-38f046830e4b	POST	/notes	undefined
10/24/2023	16:10:02	5dd7299c-9e31-47db-9cd8-62d3d79f89f1	POST	/notes	undefined
10/24/2023	16:10:90	0d637746-25f8-4905-a29e-213f3e033bc7	GET	/notes	undefined
10/24/2023	16:10:58	d6657128-e0f2-469e-b910-ac8c1de41041	GET	/notes/6537b485062f28f39110bafa	undefined
10/25/2023	19:10:29	e1f8add4-14bb-41dd-b38c-0a566d29664e	GET	/notes	undefined
10/25/2023	19:10:34	92c31788-5466-4b9e-a516-4e8354e7f7c8	GET	/notes/6537b485062f28f39110bafa	undefined
10/25/2023	19:10:11	64ca9bf7-ae62-422c-b45a-5e8215d0cb5d	GET	/notes/6537b485062f28f39110bafa	undefined
10/25/2023	19:10:02	396ed6eb-243a-4208-96f5-37a1e54a1d20	GET	/notes/6537b485062f28f39110bafa	undefined
10/25/2023	19:10:62	0ab25d45-6016-46de-b550-4545d1f001d7	GET	/notes/6537b485062f28f39110bafa	undefined
10/25/2023	19:10:83	1c3b6724-8a4f-46de-a9c7-2a5eb32b26bc	GET	/notes/6537b485062f28f39110bafa	undefined
10/25/2023	19:10:23	d0ae5671-9993-46ec-9a66-38192d39069a	GET	/notes/6537b485062f28f39110bafa	undefined
10/25/2023	19:10:77	0cadd481-03f2-4069-8a15-50278356a2ee	GET	/notes/6537b485062f28f39110bafa	undefined
10/25/2023	19:10:48	168ce455-f89c-4bce-b6a1-59f258274cc3	GET	/notes/6537b485062f28f39110bafa	undefined
10/25/2023	19:10:75	1ed7cb94-eeca-4c20-97a3-ccff3b8eb3f0	GET	/notes/6537b485062f28f39110bafa	undefined
10/25/2023	19:10:69	d328d862-87e3-41e7-9494-3b87ba445e67	GET	/notes/6537b485062f28f39110bafa	undefined
10/25/2023	19:10:16	64bf7f26-070c-44ec-b55b-96973900dfb9	GET	/notes/6537b485062f28f39110bafa	undefined
10/25/2023	19:10:82	dffe1cb4-c575-40ef-a084-a060f04f2c91	GET	/notes/6537b485062f28f39110bafa	undefined
10/25/2023	19:10:19	7f6e6d4b-3aaf-4e83-8697-3567fd8a69cc	GET	/notes/6537b485062f28f39110bafa	undefined
10/25/2023	19:10:55	440b1a71-3a34-4c95-8d21-8eb4a2cc77ba	GET	/notes/6537b485062f28f39110bafa	undefined
10/25/2023	19:10:74	496eaa38-5d6b-466a-a4d5-c80e8a6251ee	GET	/notes/6537b485062f28f39110bafa	undefined
10/25/2023	19:10:06	462c179a-0b37-41f3-87ae-dc5daeae6251	GET	/notes/6537b485062f28f39110bafa	undefined
10/25/2023	19:10:39	bdf1c65f-cf1a-4a20-bf9a-dddcdebb7527	GET	/notes/6537b485062f28f39110bafa	undefined
10/25/2023	19:10:22	d63ccef5-3ae8-4d36-b9ff-a7ebe48c15d0	GET	/notes/6537b485062f28f39110bafa	undefined
10/25/2023	19:10:90	6a34c16d-0fd2-408a-af04-fa0ece81063e	GET	/notes/6537b485062f28f39110bafa	undefined
10/25/2023	20:10:05	632736c8-f13c-494b-b966-13e055f22d0d	GET	/notes/6537b485062f28f39110bafa	undefined
10/25/2023	22:10:37	7f544daf-3c76-433a-a31f-5608bcb4952c	PATCH	/notes	undefined
10/25/2023	22:10:69	6ecb540b-7d2e-4922-a769-c29bd72ab7c2	PATCH	/notes	undefined
10/25/2023	22:10:63	f14eecba-9134-46f9-8ca7-6ab1ae361fc7	GET	/notes	undefined
10/25/2023	22:10:96	8da6f8da-5ff8-41b3-b661-6f793e9524bb	GET	/notes	undefined
10/25/2023	22:10:88	4fcc1f55-9a24-4072-999e-e5668bb52a01	PATCH	/notes	undefined
10/25/2023	22:10:57	dba9fc2f-f6b0-4411-a441-b8d27f69f098	PATCH	/notes	undefined
10/25/2023	22:10:39	b66cfcb4-b807-4640-b046-8c1012216136	GET	/notes	undefined
10/25/2023	22:10:57	463c9a45-64f8-4e0e-acfd-c04e77be88cd	PATCH	/notes	undefined
10/25/2023	22:10:18	9b99e31c-6faf-4111-9164-1cfc5bc55d15	PATCH	/notes	undefined
10/25/2023	22:10:87	a04dcf83-0780-4cad-bf47-614595fef5da	PATCH	/notes	undefined
10/25/2023	22:10:76	9de595ec-f90e-400d-8704-a2a972e18ee1	PATCH	/notes	undefined
10/25/2023	22:10:84	83c62186-cbe8-42dd-8cc0-499a31d68e78	PATCH	/notes	undefined
10/25/2023	22:10:17	8848806d-c394-4bb5-814d-c7a814faf0a5	DELETE	/notes	undefined
10/25/2023	22:10:36	bed5cae1-afdf-4161-b3e6-6faaca49da92	GET	/notes	undefined
